TN:
SF:src/modules/accounts/services/CreateAccountService.ts
FN:16,(anonymous_18)
FN:17,CreateAccountService
FN:24,(anonymous_20)
FNF:3
FNH:2
FNDA:4,(anonymous_18)
FNDA:13,CreateAccountService
FNDA:0,(anonymous_20)
DA:1,4
DA:2,4
DA:16,4
DA:19,13
DA:21,13
DA:24,4
DA:25,0
DA:26,0
DA:28,0
DA:29,0
DA:31,0
DA:39,0
DA:41,4
DA:43,4
LF:14
LH:8
BRDA:25,0,0,0
BRDA:26,1,0,0
BRDA:26,1,1,0
BRDA:29,2,0,0
BRDA:29,2,1,0
BRF:5
BRH:0
end_of_record
TN:
SF:src/modules/accounts/services/DeleteAccountService.ts
FN:6,(anonymous_18)
FN:7,DeleteAccountService
FN:12,(anonymous_20)
FNF:3
FNH:2
FNDA:1,(anonymous_18)
FNDA:2,DeleteAccountService
FNDA:0,(anonymous_20)
DA:1,1
DA:2,1
DA:6,1
DA:9,2
DA:12,1
DA:13,0
DA:14,0
DA:16,0
DA:18,1
DA:20,1
LF:10
LH:7
BRDA:13,0,0,0
BRDA:14,1,0,0
BRDA:14,1,1,0
BRF:3
BRH:0
end_of_record
TN:
SF:src/modules/accounts/services/UpdateAccountFlagActiveService.ts
FN:7,(anonymous_18)
FN:8,UpdateAccountFlagActiveService
FN:13,(anonymous_20)
FNF:3
FNH:0
FNDA:0,(anonymous_18)
FNDA:0,UpdateAccountFlagActiveService
FNDA:0,(anonymous_20)
DA:1,0
DA:2,0
DA:7,0
DA:10,0
DA:13,0
DA:14,0
DA:15,0
DA:17,0
DA:19,0
DA:21,0
LF:10
LH:0
BRDA:14,0,0,0
BRDA:15,1,0,0
BRDA:15,1,1,0
BRF:3
BRH:0
end_of_record
TN:
SF:src/modules/accounts/services/UpdateAccountService.ts
FN:7,(anonymous_18)
FN:8,UpdateAccountService
FN:13,(anonymous_20)
FNF:3
FNH:2
FNDA:2,(anonymous_18)
FNDA:8,UpdateAccountService
FNDA:0,(anonymous_20)
DA:1,2
DA:2,2
DA:7,2
DA:10,8
DA:13,2
DA:14,0
DA:15,0
DA:18,0
DA:19,0
DA:20,0
DA:21,0
DA:22,0
DA:24,0
DA:26,2
DA:28,2
LF:15
LH:7
BRDA:14,0,0,0
BRDA:15,1,0,0
BRDA:15,1,1,0
BRDA:18,2,0,0
BRDA:18,2,1,0
BRDA:19,3,0,0
BRDA:19,3,1,0
BRDA:20,4,0,0
BRDA:20,4,1,0
BRDA:21,5,0,0
BRDA:21,5,1,0
BRDA:22,6,0,0
BRDA:22,6,1,0
BRF:13
BRH:0
end_of_record
TN:
SF:src/modules/transactions/services/CreateTransactionsService.ts
FN:9,(anonymous_18)
FN:21,(anonymous_19)
FN:22,CreateTransactionService
FN:29,(anonymous_21)
FN:58,(anonymous_24)
FNF:5
FNH:3
FNDA:1,(anonymous_18)
FNDA:1,(anonymous_19)
FNDA:4,CreateTransactionService
FNDA:0,(anonymous_21)
FNDA:0,(anonymous_24)
DA:1,1
DA:2,1
DA:7,1
DA:9,1
DA:10,1
DA:11,1
DA:21,1
DA:24,4
DA:26,4
DA:29,1
DA:30,0
DA:31,0
DA:35,0
DA:36,0
DA:37,0
DA:38,0
DA:40,0
DA:43,0
DA:44,0
DA:45,0
DA:46,0
DA:47,0
DA:49,0
DA:50,0
DA:51,0
DA:52,0
DA:54,0
DA:58,0
DA:59,0
DA:62,0
DA:64,0
DA:65,0
DA:66,0
DA:68,0
DA:74,0
DA:76,1
DA:78,1
LF:37
LH:12
BRDA:9,0,0,1
BRDA:9,0,1,1
BRDA:30,1,0,0
BRDA:30,1,1,0
BRDA:30,1,2,0
BRDA:31,2,0,0
BRDA:31,2,1,0
BRDA:35,3,0,0
BRDA:35,3,1,0
BRDA:37,4,0,0
BRDA:37,4,1,0
BRDA:43,5,0,0
BRDA:43,5,1,0
BRDA:49,6,0,0
BRDA:49,6,1,0
BRDA:51,7,0,0
BRDA:51,7,1,0
BRDA:58,8,0,0
BRDA:58,8,1,0
BRDA:58,9,0,0
BRDA:58,9,1,0
BRDA:62,10,0,0
BRDA:62,10,1,0
BRDA:65,11,0,0
BRDA:65,11,1,0
BRF:25
BRH:2
end_of_record
TN:
SF:src/modules/transactions/services/ListTransactionsService.ts
FN:10,(anonymous_18)
FN:11,ListTransactionService
FN:18,(anonymous_20)
FNF:3
FNH:0
FNDA:0,(anonymous_18)
FNDA:0,ListTransactionService
FNDA:0,(anonymous_20)
DA:1,0
DA:2,0
DA:7,0
DA:10,0
DA:13,0
DA:15,0
DA:18,0
DA:19,0
DA:20,0
DA:23,0
DA:25,0
DA:26,0
DA:27,0
DA:28,0
DA:30,0
DA:32,0
DA:35,0
DA:37,0
LF:18
LH:0
BRDA:19,0,0,0
BRDA:20,1,0,0
BRDA:20,1,1,0
BRDA:23,2,0,0
BRDA:23,2,1,0
BRDA:25,3,0,0
BRDA:25,3,1,0
BRDA:27,4,0,0
BRDA:27,4,1,0
BRDA:28,5,0,0
BRDA:28,5,1,0
BRF:11
BRH:0
end_of_record
TN:
SF:src/modules/users/services/CreateUserService.ts
FN:13,(anonymous_18)
FN:14,CreateUserService
FN:19,(anonymous_20)
FNF:3
FNH:2
FNDA:7,(anonymous_18)
FNDA:19,CreateUserService
FNDA:0,(anonymous_20)
DA:1,7
DA:2,7
DA:13,7
DA:16,19
DA:19,7
DA:20,0
DA:21,0
DA:23,0
DA:29,0
DA:31,7
DA:33,7
LF:11
LH:7
BRDA:20,0,0,0
BRDA:21,1,0,0
BRDA:21,1,1,0
BRF:3
BRH:0
end_of_record
TN:
SF:src/modules/users/services/DeleteUserService.ts
FN:6,(anonymous_18)
FN:7,DeleteUserService
FN:12,(anonymous_20)
FNF:3
FNH:2
FNDA:1,(anonymous_18)
FNDA:2,DeleteUserService
FNDA:0,(anonymous_20)
DA:1,1
DA:2,1
DA:6,1
DA:9,2
DA:12,1
DA:13,0
DA:14,0
DA:16,0
DA:18,1
DA:20,1
LF:10
LH:7
BRDA:13,0,0,0
BRDA:14,1,0,0
BRDA:14,1,1,0
BRF:3
BRH:0
end_of_record
TN:
SF:src/modules/users/services/UpdateUserService.ts
FN:7,(anonymous_18)
FN:8,UpdateUserService
FN:13,(anonymous_20)
FNF:3
FNH:2
FNDA:1,(anonymous_18)
FNDA:2,UpdateUserService
FNDA:0,(anonymous_20)
DA:1,1
DA:2,1
DA:7,1
DA:10,2
DA:13,1
DA:14,0
DA:15,0
DA:18,0
DA:19,0
DA:20,0
DA:21,0
DA:22,0
DA:24,0
DA:26,1
DA:28,1
LF:15
LH:7
BRDA:14,0,0,0
BRDA:15,1,0,0
BRDA:15,1,1,0
BRDA:18,2,0,0
BRDA:18,2,1,0
BRDA:19,3,0,0
BRDA:19,3,1,0
BRDA:20,4,0,0
BRDA:20,4,1,0
BRDA:21,5,0,0
BRDA:21,5,1,0
BRDA:22,6,0,0
BRDA:22,6,1,0
BRF:13
BRH:0
end_of_record
